<?xml version="1.0" encoding="UTF-8"?>
<!-- Generated by org.testng.reporters.JUnitReportReporter -->
<testsuite hostname="DESKTOP-3O1JLKM" failures="0" tests="1" name="com.shophunt.product.testngtest.InsertProductTest" time="9.025" errors="0" timestamp="2022-08-22T16:01:14 IST" skipped="0">
  <testcase classname="com.shophunt.product.testngtest.InsertProductTest" name="insertTheProductAsAnAdmin" time="9.025"/>
  <system-out/>
</testsuite> <!-- com.shophunt.product.testngtest.InsertProductTest -->
