<?xml version="1.0" encoding="UTF-8"?>
<!-- Generated by org.testng.reporters.JUnitReportReporter -->
<testsuite hostname="DESKTOP-3O1JLKM" failures="0" tests="4" name="org.testngPracticePrgs.AccountManagementByPriorityTest" time="0.030" errors="0" timestamp="2022-08-22T16:41:09 IST" skipped="0">
  <testcase classname="org.testngPracticePrgs.AccountManagementByPriorityTest" name="createAccount" time="0.021"/>
  <system-out/>
  <testcase classname="org.testngPracticePrgs.AccountManagementByPriorityTest" name="createNomineeAccount" time="0.003"/>
  <system-out/>
  <testcase classname="org.testngPracticePrgs.AccountManagementByPriorityTest" name="accountEdit" time="0.003"/>
  <system-out>
    <![CDATA[Account has been edited]]>
  </system-out>
  <testcase classname="org.testngPracticePrgs.AccountManagementByPriorityTest" name="accountDeleted" time="0.003"/>
  <system-out/>
</testsuite> <!-- org.testngPracticePrgs.AccountManagementByPriorityTest -->
