<?xml version="1.0" encoding="UTF-8"?>
<!-- Generated by org.testng.reporters.JUnitReportReporter -->
<testsuite hostname="DESKTOP-3O1JLKM" failures="0" tests="1" name="com.shophunt.product.testngtest.CreateCategory" time="11.704" errors="0" timestamp="2022-08-22T16:01:14 IST" skipped="0">
  <testcase classname="com.shophunt.product.testngtest.CreateCategory" name="CreateCategoryAndVerifyInUserAdminModuleTest" time="11.704"/>
  <system-out/>
</testsuite> <!-- com.shophunt.product.testngtest.CreateCategory -->
