<?xml version="1.0" encoding="UTF-8"?>
<!-- Generated by org.testng.reporters.JUnitReportReporter -->
<testsuite hostname="DESKTOP-3O1JLKM" failures="0" tests="1" name="org.testngPracticePrgs.InsertProductTest" time="50.969" errors="0" timestamp="2022-08-22T16:40:42 IST" skipped="0">
  <testcase classname="org.testngPracticePrgs.InsertProductTest" name="insertTheProductAsAnAdmin" time="50.969"/>
  <system-out/>
</testsuite> <!-- org.testngPracticePrgs.InsertProductTest -->
