<?xml version="1.0" encoding="UTF-8"?>
<!-- Generated by org.testng.reporters.JUnitReportReporter -->
<testsuite hostname="DESKTOP-3O1JLKM" failures="0" tests="5" name="org.testngPracticePrgs.NavCityWithExcelTest" time="0.033" errors="0" timestamp="2022-09-25T13:59:53 IST" skipped="0">
  <testcase classname="org.testngPracticePrgs.NavCityWithExcelTest" name="navigateFromCitiesToCities" time="0.003"/>
  <system-out/>
  <testcase classname="org.testngPracticePrgs.NavCityWithExcelTest" name="navigateFromCitiesToCities" time="0.005"/>
  <system-out/>
  <testcase classname="org.testngPracticePrgs.NavCityWithExcelTest" name="navigateFromCitiesToCities" time="0.020"/>
  <system-out/>
  <testcase classname="org.testngPracticePrgs.NavCityWithExcelTest" name="navigateFromCitiesToCities" time="0.003"/>
  <system-out/>
  <testcase classname="org.testngPracticePrgs.NavCityWithExcelTest" name="navigateFromCitiesToCities" time="0.002"/>
  <system-out/>
</testsuite> <!-- org.testngPracticePrgs.NavCityWithExcelTest -->
