<?xml version="1.0" encoding="UTF-8"?>
<!-- Generated by org.testng.reporters.JUnitReportReporter -->
<testsuite hostname="DESKTOP-3O1JLKM" failures="0" tests="4" name="com.shophunt.product.testngtest.EndToEndSuiteTest" time="54.073" errors="0" timestamp="2022-08-19T10:12:17 IST" skipped="0">
  <testcase classname="com.shophunt.product.testngtest.EndToEndSuiteTest" name="CreateCategoryAndVerifyInUserAdminModuleTest" time="14.902"/>
  <system-out/>
  <testcase classname="com.shophunt.product.testngtest.EndToEndSuiteTest" name="createUserAccountAndVerifyAdminModule" time="8.341"/>
  <system-out/>
  <testcase classname="com.shophunt.product.testngtest.EndToEndSuiteTest" name="insertTheProductAsAnAdmin" time="4.750"/>
  <system-out/>
  <testcase classname="com.shophunt.product.testngtest.EndToEndSuiteTest" name="buyTheProductAndVerifyInAdminModule" time="26.080"/>
  <system-out/>
</testsuite> <!-- com.shophunt.product.testngtest.EndToEndSuiteTest -->
