<?xml version="1.0" encoding="UTF-8"?>
<!-- Generated by org.testng.reporters.JUnitReportReporter -->
<testsuite hostname="DESKTOP-3O1JLKM" failures="0" tests="5" name="org.testngPracticePrgs.NavigationCities" time="0.034" errors="0" timestamp="2022-08-22T16:32:28 IST" skipped="0">
  <testcase classname="org.testngPracticePrgs.NavigationCities" name="navigateFromCitiesToCities" time="0.003"/>
  <system-out/>
  <testcase classname="org.testngPracticePrgs.NavigationCities" name="navigateFromCitiesToCities" time="0.004"/>
  <system-out/>
  <testcase classname="org.testngPracticePrgs.NavigationCities" name="navigateFromCitiesToCities" time="0.021"/>
  <system-out/>
  <testcase classname="org.testngPracticePrgs.NavigationCities" name="navigateFromCitiesToCities" time="0.004"/>
  <system-out/>
  <testcase classname="org.testngPracticePrgs.NavigationCities" name="navigateFromCitiesToCities" time="0.002"/>
  <system-out/>
</testsuite> <!-- org.testngPracticePrgs.NavigationCities -->
