<?xml version="1.0" encoding="UTF-8"?>
<!-- Generated by org.testng.reporters.JUnitReportReporter -->
<testsuite hostname="DESKTOP-3O1JLKM" failures="0" tests="6" name="org.testngPracticePrgs.AccountMgmtByInvocationCount" time="0.050" errors="0" timestamp="2022-08-13T21:33:05 IST" skipped="0">
  <testcase classname="org.testngPracticePrgs.AccountMgmtByInvocationCount" name="accountDeleted" time="0.023"/>
  <system-out/>
  <testcase classname="org.testngPracticePrgs.AccountMgmtByInvocationCount" name="createAccount" time="0.004"/>
  <system-out/>
  <testcase classname="org.testngPracticePrgs.AccountMgmtByInvocationCount" name="createNomineeAccount" time="0.007"/>
  <system-out/>
  <testcase classname="org.testngPracticePrgs.AccountMgmtByInvocationCount" name="createNomineeAccount" time="0.007"/>
  <system-out/>
  <testcase classname="org.testngPracticePrgs.AccountMgmtByInvocationCount" name="createNomineeAccount" time="0.005"/>
  <system-out/>
  <testcase classname="org.testngPracticePrgs.AccountMgmtByInvocationCount" name="createNomineeAccount" time="0.004"/>
  <system-out/>
</testsuite> <!-- org.testngPracticePrgs.AccountMgmtByInvocationCount -->
