<?xml version="1.0" encoding="UTF-8"?>
<!-- Generated by org.testng.reporters.JUnitReportReporter -->
<testsuite hostname="DESKTOP-3O1JLKM" failures="0" tests="4" name="org.testngPracticePrgs.AccountMgmtByDependsOnMethodTest" time="0.016" errors="1" timestamp="2022-08-13T21:24:45 IST" skipped="1">
  <testcase classname="org.testngPracticePrgs.AccountMgmtByDependsOnMethodTest" name="createNomineeAccount" time="0.000">
    <skipped/>
  </testcase> <!-- createNomineeAccount -->
  <system-out/>
  <testcase classname="org.testngPracticePrgs.AccountMgmtByDependsOnMethodTest" name="accountEdit" time="0.004"/>
  <system-out>
    <![CDATA[Account has been edited]]>
  </system-out>
  <testcase classname="org.testngPracticePrgs.AccountMgmtByDependsOnMethodTest" name="accountDeleted" time="0.002"/>
  <system-out/>
  <testcase classname="org.testngPracticePrgs.AccountMgmtByDependsOnMethodTest" name="createAccount" time="0.010">
    <error message="Index 10 out of bounds for length 3" type="java.lang.ArrayIndexOutOfBoundsException">
      <![CDATA[java.lang.ArrayIndexOutOfBoundsException: Index 10 out of bounds for length 3
at org.testngPracticePrgs.AccountMgmtByDependsOnMethodTest.createAccount(AccountMgmtByDependsOnMethodTest.java:13)
at java.base/jdk.internal.reflect.DirectMethodHandleAccessor.invoke(DirectMethodHandleAccessor.java:104)
at java.base/java.lang.reflect.Method.invoke(Method.java:577)
at org.testng.internal.MethodInvocationHelper.invokeMethod(MethodInvocationHelper.java:133)
at org.testng.internal.TestInvoker.invokeMethod(TestInvoker.java:598)
at org.testng.internal.TestInvoker.invokeTestMethod(TestInvoker.java:173)
at org.testng.internal.MethodRunner.runInSequence(MethodRunner.java:46)
at org.testng.internal.TestInvoker$MethodInvocationAgent.invoke(TestInvoker.java:824)
at org.testng.internal.TestInvoker.invokeTestMethods(TestInvoker.java:146)
at org.testng.internal.TestMethodWorker.invokeTestMethods(TestMethodWorker.java:146)
at org.testng.internal.TestMethodWorker.run(TestMethodWorker.java:128)
at java.base/java.util.ArrayList.forEach(ArrayList.java:1511)
at org.testng.TestRunner.privateRun(TestRunner.java:794)
at org.testng.TestRunner.run(TestRunner.java:596)
at org.testng.SuiteRunner.runTest(SuiteRunner.java:377)
at org.testng.SuiteRunner.runSequentially(SuiteRunner.java:371)
at org.testng.SuiteRunner.privateRun(SuiteRunner.java:332)
at org.testng.SuiteRunner.run(SuiteRunner.java:276)
at org.testng.SuiteRunnerWorker.runSuite(SuiteRunnerWorker.java:53)
at org.testng.SuiteRunnerWorker.run(SuiteRunnerWorker.java:96)
at org.testng.TestNG.runSuitesSequentially(TestNG.java:1212)
at org.testng.TestNG.runSuitesLocally(TestNG.java:1134)
at org.testng.TestNG.runSuites(TestNG.java:1063)
at org.testng.TestNG.run(TestNG.java:1031)
at org.testng.remote.AbstractRemoteTestNG.run(AbstractRemoteTestNG.java:115)
at org.testng.remote.RemoteTestNG.initAndRun(RemoteTestNG.java:251)
at org.testng.remote.RemoteTestNG.main(RemoteTestNG.java:77)
]]>
    </error>
  </testcase> <!-- createAccount -->
  <system-out/>
</testsuite> <!-- org.testngPracticePrgs.AccountMgmtByDependsOnMethodTest -->
