<?xml version="1.0" encoding="UTF-8"?>
<!-- Generated by org.testng.reporters.JUnitReportReporter -->
<testsuite hostname="DESKTOP-3O1JLKM" failures="0" tests="4" name="org.testngPracticePrgs.AccountManagementTest" time="0.015" errors="0" timestamp="2022-08-13T21:24:45 IST" skipped="0">
  <testcase classname="org.testngPracticePrgs.AccountManagementTest" name="createNomineeAccount" time="0.002"/>
  <system-out/>
  <testcase classname="org.testngPracticePrgs.AccountManagementTest" name="accountDeleted" time="0.003"/>
  <system-out/>
  <testcase classname="org.testngPracticePrgs.AccountManagementTest" name="accountEdit" time="0.004"/>
  <system-out>
    <![CDATA[Account has been edited]]>
  </system-out>
  <testcase classname="org.testngPracticePrgs.AccountManagementTest" name="createAccount" time="0.006"/>
  <system-out/>
</testsuite> <!-- org.testngPracticePrgs.AccountManagementTest -->
