<?xml version="1.0" encoding="UTF-8"?>
<!-- Generated by org.testng.reporters.JUnitReportReporter -->
<testsuite hostname="DESKTOP-3O1JLKM" failures="0" tests="5" name="org.testngPracticePrgs.NavigationCitiesWithThreeArgTest" time="0.059" errors="0" timestamp="2022-08-22T16:33:12 IST" skipped="0">
  <testcase classname="org.testngPracticePrgs.NavigationCitiesWithThreeArgTest" name="navigateFromCitiesToCities" time="0.011"/>
  <system-out/>
  <testcase classname="org.testngPracticePrgs.NavigationCitiesWithThreeArgTest" name="navigateFromCitiesToCities" time="0.004"/>
  <system-out/>
  <testcase classname="org.testngPracticePrgs.NavigationCitiesWithThreeArgTest" name="navigateFromCitiesToCities" time="0.027"/>
  <system-out/>
  <testcase classname="org.testngPracticePrgs.NavigationCitiesWithThreeArgTest" name="navigateFromCitiesToCities" time="0.003"/>
  <system-out/>
  <testcase classname="org.testngPracticePrgs.NavigationCitiesWithThreeArgTest" name="navigateFromCitiesToCities" time="0.014"/>
  <system-out/>
</testsuite> <!-- org.testngPracticePrgs.NavigationCitiesWithThreeArgTest -->
